GET / 200 16 - 3.620 ms
GET /favicon.ico 404 150 - 2.201 ms
GET / 304 - - 0.685 ms
GET / 304 - - 0.681 ms
GET /view 200 2 - 49.957 ms
GET /view 304 - - 169.152 ms
GET /view 304 - - 25.444 ms
GET /view 304 - - 185.370 ms
GET /register 404 147 - 1.716 ms
POST /register 200 22 - 3.563 ms
POST /register 200 22 - 1.193 ms
POST /register 200 22 - 1.172 ms
POST /register 200 22 - 0.559 ms
POST /register 200 22 - 0.621 ms
POST /register 200 22 - 0.426 ms
POST /register 200 22 - 0.696 ms
POST /register 200 22 - 0.537 ms
POST /register 200 22 - 0.735 ms
POST /register 200 22 - 0.668 ms
POST /register 200 22 - 0.686 ms
POST /register 200 22 - 0.484 ms
POST /register 200 22 - 0.501 ms
POST /register 200 22 - 0.390 ms
POST /register 200 22 - 0.743 ms
POST /register 200 22 - 17.724 ms
POST /view 404 144 - 1.594 ms
GET /view 200 2 - 27.765 ms
GET /view 200 2 - 15.952 ms
GET /view 200 2 - 16.629 ms
GET /view 200 2 - 17.017 ms
GET /view 200 2 - 16.095 ms
GET /view 200 2 - 30.848 ms
GET /view 200 2 - 18.135 ms
GET /view 200 2 - 19.539 ms
GET /view 200 2 - 19.910 ms
POST /create 200 106 - 58.872 ms
POST /create 200 106 - 35.133 ms
POST /create 200 106 - 27.524 ms
POST /create 200 106 - 32.667 ms
POST /create 200 106 - 39.747 ms
POST /create 200 106 - 31.940 ms
GET /view 200 643 - 19.074 ms
GET /view 200 643 - 152.406 ms
GET / 200 16 - 3.043 ms
GET /view 200 643 - 21.657 ms
GET /view 200 643 - 9.928 ms
GET /delete 404 145 - 2.256 ms
DELETE /delete 404 148 - 1.051 ms
DELETE /delete/Vaibhav 200 19 - 10.413 ms
DELETE /delete/Vaibhav 200 19 - 7.937 ms
DELETE /delete/Vaibhav 200 19 - 8.967 ms
DELETE /view 404 146 - 0.827 ms
DELETE /view 404 146 - 0.262 ms
GET /view 200 643 - 13.508 ms
GET /delete/Vaibhav 404 153 - 0.628 ms
DELETE /delete/Vaibhav 200 19 - 10.093 ms
DELETE /delete/Vaibhav 200 19 - 8.749 ms
DELETE /delete/Vaibhav 200 19 - 10.445 ms
DELETE /delete/Vaibhav 200 19 - 8.819 ms
DELETE /delete/Vaibhav 200 19 - 9.165 ms
DELETE /delete/Vaibhav 200 19 - 8.418 ms
DELETE /delete/Vaibhav 200 19 - 12.635 ms
DELETE /delete/Vaibhav 200 19 - 7.452 ms
DELETE /delete/Vaibhav 200 27 - 24.407 ms
DELETE /delete/Vaibhav 200 19 - 9.361 ms
DELETE /delete/Vaibhav 200 19 - 9.984 ms
DELETE /view 404 146 - 1.778 ms
GET /view 200 2 - 12.046 ms
GET /view 200 2 - 16.835 ms
GET /view 200 2 - 18.209 ms
GET /view 200 2 - 13.700 ms
GET /register 404 147 - 1.401 ms
POST /register 200 161 - 120.942 ms
POST /register 200 22 - 13.044 ms
POST /register 200 161 - 85.254 ms
POST /register 200 22 - 12.585 ms
POST /register 200 161 - 102.744 ms
POST /register 200 22 - 13.416 ms
POST /register 200 22 - 12.997 ms
POST /register 200 159 - 86.285 ms
POST /view 404 144 - 1.391 ms
GET /view 200 647 - 12.965 ms
GET /delete/Vaibhav 404 153 - 0.697 ms
DELETE /delete/Vaibhav 200 27 - 16.075 ms
DELETE /view 404 146 - 0.512 ms
GET /view 200 161 - 9.390 ms
GET /delete/Ganesh 404 152 - 1.063 ms
DELETE /delete/Ganesh 200 27 - 12.512 ms
GET /view 200 2 - 14.420 ms
GET /register 404 147 - 0.884 ms
POST /register 500 76 - 1.395 ms
DELETE /register 404 150 - 1.594 ms
POST /register 500 16 - 2.140 ms
POST /register 200 160 - 327.776 ms
POST /register 200 22 - 12.334 ms
POST /register 200 161 - 90.823 ms
POST /register 200 162 - 94.668 ms
POST /view 404 144 - 0.494 ms
GET /view 200 487 - 10.996 ms
GET /delete/Ganesh 404 152 - 0.593 ms
DELETE /delete/Ganesh 200 27 - 21.900 ms
DELETE /delete/Ganesh 200 19 - 7.776 ms
